2026-01-24 18:58:02.668004 - Phishing Detected: telemetry.individual.githubcopilot.com
2026-01-24 18:58:02.669946 - Phishing Detected: telemetry.individual.githubcopilot.com
2026-01-24 18:58:36.320626 - Phishing Detected: mobile.events.data.microsoft.com
2026-01-24 18:58:36.322644 - Phishing Detected: mobile.events.data.microsoft.com
2026-01-24 18:58:36.324112 - Phishing Detected: mobile.events.data.microsoft.com
2026-01-24 18:58:36.343486 - Phishing Detected: mobile.events.data.microsoft.com
2026-01-24 18:58:36.353044 - Phishing Detected: mobile.events.data.microsoft.com
2026-01-24 18:58:36.401590 - Phishing Detected: mobile.events.data.microsoft.com
2026-01-24 18:58:39.079643 - Phishing Detected: login.live.com
2026-01-24 18:58:39.080641 - Phishing Detected: login.live.com
2026-01-24 18:58:39.126639 - Phishing Detected: login.live.com
2026-01-24 18:58:39.134639 - Phishing Detected: login.live.com
2026-01-24 18:58:43.660974 - Phishing Detected: mobile.events.data.microsoft.com
2026-01-24 18:58:43.662057 - Phishing Detected: mobile.events.data.microsoft.com
2026-01-24 18:58:43.693059 - Phishing Detected: mobile.events.data.microsoft.com
2026-01-24 18:58:43.698074 - Phishing Detected: mobile.events.data.microsoft.com
2026-01-24 18:59:05.390587 - Phishing Detected: secure-login-update-account.com
2026-01-24 18:59:05.391584 - Phishing Detected: secure-login-update-account.com
2026-01-24 18:59:05.431986 - Phishing Detected: secure-login-update-account.com
2026-01-24 18:59:05.593173 - Phishing Detected: secure-login-update-account.com
2026-01-24 18:59:44.968667 - Phishing Detected: secure-login-update-account.com
2026-01-24 18:59:44.972657 - Phishing Detected: secure-login-update-account.com
2026-01-24 18:59:44.976653 - Phishing Detected: secure-login-update-account.com
2026-01-24 18:59:44.981656 - Phishing Detected: secure-login-update-account.com
2026-01-24 18:59:47.086362 - Phishing Detected: mobile.events.data.microsoft.com
2026-01-24 18:59:47.089427 - Phishing Detected: mobile.events.data.microsoft.com
2026-01-24 18:59:47.093421 - Phishing Detected: mobile.events.data.microsoft.com
2026-01-24 18:59:47.129317 - Phishing Detected: mobile.events.data.microsoft.com
2026-01-24 18:59:47.136383 - Phishing Detected: mobile.events.data.microsoft.com
2026-01-24 18:59:47.143896 - Phishing Detected: mobile.events.data.microsoft.com
2026-01-24 18:59:52.341552 - Phishing Detected: secure-login-update-account.com
2026-01-24 18:59:52.342533 - Phishing Detected: secure-login-update-account.com
2026-01-24 18:59:52.345533 - Phishing Detected: secure-login-update-account.com
2026-01-24 18:59:52.346533 - Phishing Detected: secure-login-update-account.com
2026-01-24 19:01:16.072021 - Phishing Detected: mobile.events.data.microsoft.com
2026-01-24 19:01:16.074020 - Phishing Detected: mobile.events.data.microsoft.com
2026-01-24 19:01:16.076019 - Phishing Detected: mobile.events.data.microsoft.com
2026-01-24 19:01:16.377034 - Phishing Detected: mobile.events.data.microsoft.com
2026-01-24 19:01:16.380987 - Phishing Detected: mobile.events.data.microsoft.com
2026-01-24 19:01:16.385037 - Phishing Detected: mobile.events.data.microsoft.com
2026-01-24 19:01:29.083073 - Phishing Detected: telemetry.individual.githubcopilot.com
2026-01-24 19:01:29.085066 - Phishing Detected: telemetry.individual.githubcopilot.com
2026-01-24 19:01:29.190070 - Phishing Detected: telemetry.individual.githubcopilot.com
2026-01-24 19:01:29.193079 - Phishing Detected: telemetry.individual.githubcopilot.com
2026-01-24 19:01:29.401074 - Phishing Detected: telemetry.individual.githubcopilot.com
2026-01-24 19:01:29.433138 - Phishing Detected: telemetry.individual.githubcopilot.com
2026-01-24 19:01:29.451066 - Phishing Detected: telemetry.individual.githubcopilot.com
2026-01-24 19:01:29.467069 - Phishing Detected: telemetry.individual.githubcopilot.com
2026-01-24 19:01:39.047993 - Phishing Detected: westus-0.in.applicationinsights.azure.com
2026-01-24 19:01:39.048992 - Phishing Detected: westus-0.in.applicationinsights.azure.com
2026-01-24 19:01:39.071992 - Phishing Detected: westus-0.in.applicationinsights.azure.com
2026-01-24 19:01:39.077995 - Phishing Detected: westus-0.in.applicationinsights.azure.com
2026-01-24 19:01:47.602732 - Phishing Detected: telemetry.individual.githubcopilot.com
2026-01-24 19:01:47.611735 - Phishing Detected: telemetry.individual.githubcopilot.com
2026-01-24 19:01:50.224171 - Phishing Detected: mobile.events.data.microsoft.com
2026-01-24 19:01:50.225220 - Phishing Detected: mobile.events.data.microsoft.com
2026-01-24 19:01:50.329726 - Phishing Detected: mobile.events.data.microsoft.com
2026-01-24 19:01:50.331722 - Phishing Detected: mobile.events.data.microsoft.com
2026-01-24 19:01:50.340034 - Phishing Detected: mobile.events.data.microsoft.com
2026-01-24 19:01:50.345034 - Phishing Detected: mobile.events.data.microsoft.com
2026-01-24 19:01:50.348030 - Phishing Detected: mobile.events.data.microsoft.com
2026-01-24 19:01:50.462133 - Phishing Detected: mobile.events.data.microsoft.com
2026-01-24 19:01:53.634906 - Phishing Detected: westus-0.in.applicationinsights.azure.com
2026-01-24 19:01:53.686633 - Phishing Detected: westus-0.in.applicationinsights.azure.com
2026-01-24 19:01:57.854242 - Phishing Detected: mobile.events.data.microsoft.com
2026-01-24 19:01:57.855242 - Phishing Detected: mobile.events.data.microsoft.com
2026-01-24 19:01:57.952535 - Phishing Detected: mobile.events.data.microsoft.com
2026-01-24 19:01:57.966534 - Phishing Detected: mobile.events.data.microsoft.com
2026-01-24 19:01:58.097535 - Phishing Detected: mobile.events.data.microsoft.com
2026-01-24 19:01:58.099534 - Phishing Detected: mobile.events.data.microsoft.com
2026-01-24 19:01:58.101534 - Phishing Detected: mobile.events.data.microsoft.com
2026-01-24 19:01:58.109591 - Phishing Detected: mobile.events.data.microsoft.com
2026-01-24 19:02:08.100711 - Phishing Detected: mobile.events.data.microsoft.com
2026-01-24 19:02:08.102782 - Phishing Detected: mobile.events.data.microsoft.com
2026-01-24 19:02:08.170525 - Phishing Detected: mobile.events.data.microsoft.com
2026-01-24 19:02:08.174528 - Phishing Detected: mobile.events.data.microsoft.com
2026-01-24 19:02:11.236235 - Phishing Detected: mobile.events.data.microsoft.com
2026-01-24 19:02:11.269256 - Phishing Detected: mobile.events.data.microsoft.com
2026-01-24 19:02:15.957837 - Phishing Detected: mobile.events.data.microsoft.com
2026-01-24 19:02:15.991168 - Phishing Detected: mobile.events.data.microsoft.com
2026-01-24 19:02:18.081410 - Phishing Detected: mobile.events.data.microsoft.com
2026-01-24 19:02:18.083411 - Phishing Detected: mobile.events.data.microsoft.com
2026-01-24 19:02:18.089425 - Phishing Detected: mobile.events.data.microsoft.com
2026-01-24 19:02:18.132442 - Phishing Detected: mobile.events.data.microsoft.com
2026-01-24 19:02:18.138433 - Phishing Detected: mobile.events.data.microsoft.com
2026-01-24 19:02:18.144427 - Phishing Detected: mobile.events.data.microsoft.com
2026-01-24 19:02:34.517858 - Phishing Detected: telemetry.individual.githubcopilot.com
2026-01-24 19:02:34.519879 - Phishing Detected: telemetry.individual.githubcopilot.com
2026-01-24 19:02:34.549857 - Phishing Detected: telemetry.individual.githubcopilot.com
2026-01-24 19:02:34.552853 - Phishing Detected: telemetry.individual.githubcopilot.com
2026-01-24 19:02:42.230793 - Phishing Detected: mobile.events.data.microsoft.com
2026-01-24 19:02:42.243784 - Phishing Detected: mobile.events.data.microsoft.com
2026-01-24 19:02:42.273765 - Phishing Detected: mobile.events.data.microsoft.com
2026-01-24 19:02:42.325665 - Phishing Detected: mobile.events.data.microsoft.com
2026-01-24 19:08:11.149535 - DNS: secure-login-update-account.com
2026-01-24 19:08:11.157433 - DNS: secure-login-update-account.com
2026-01-24 19:08:11.167439 - DNS: secure-login-update-account.com
2026-01-24 19:08:11.176431 - DNS: secure-login-update-account.com
2026-01-24 19:08:12.346524 - DNS: secure-login-update-account.com
2026-01-24 19:08:12.349526 - DNS: secure-login-update-account.com
2026-01-24 19:08:12.553831 - DNS: secure-login-update-account.com
2026-01-24 19:08:12.558824 - DNS: secure-login-update-account.com
2026-01-24 19:08:12.865647 - DNS: secure-login-update-account.com
2026-01-24 19:08:12.875515 - DNS: secure-login-update-account.com
2026-01-24 19:08:14.056218 - DNS: secure-login-update-account.com
2026-01-24 19:08:14.060234 - DNS: secure-login-update-account.com
2026-01-24 19:08:19.203173 - DNS: secure-login-update-account.com
2026-01-24 19:08:19.205174 - DNS: secure-login-update-account.com
2026-01-24 19:08:19.246703 - DNS: secure-login-update-account.com
2026-01-24 19:08:19.280330 - DNS: secure-login-update-account.com
2026-01-24 19:08:32.954785 - DNS: telemetry.individual.githubcopilot.com
2026-01-24 19:08:32.956785 - DNS: telemetry.individual.githubcopilot.com
2026-01-24 19:08:33.043884 - DNS: telemetry.individual.githubcopilot.com
2026-01-24 19:08:33.072887 - DNS: telemetry.individual.githubcopilot.com
2026-01-24 19:08:33.123882 - DNS: telemetry.individual.githubcopilot.com
2026-01-24 19:08:33.556310 - DNS: telemetry.individual.githubcopilot.com
2026-01-24 19:13:40.639868 - DNS: tas02.sls.update.microsoft.com
2026-01-24 19:13:40.642365 - DNS: tas02.sls.update.microsoft.com
2026-01-24 19:13:40.665294 - DNS: tas02.sls.update.microsoft.com
2026-01-24 19:13:40.699332 - DNS: tas02.sls.update.microsoft.com
2026-01-24 19:15:58.265923 - HTTP: ocsp.digicert.com/MFEwTzBNMEswSTAJBgUrDgMCGgUABBSnxLiz3Fu1WB6n1%2FE6xWn1b0jXiQQUdIWAwGbH3zfez70pN6oDHb7tzRcCEAMKryWn7TvZWcztHNetK1w%3D
2026-01-24 19:16:28.830742 - DNS: telemetry.individual.githubcopilot.com
2026-01-24 19:16:28.833388 - DNS: telemetry.individual.githubcopilot.com
2026-01-24 19:16:28.857170 - DNS: telemetry.individual.githubcopilot.com
2026-01-24 19:16:28.870298 - DNS: telemetry.individual.githubcopilot.com
2026-01-24 19:16:43.822000 - DNS: telemetry.individual.githubcopilot.com
2026-01-24 19:16:43.832701 - DNS: telemetry.individual.githubcopilot.com
2026-01-24 19:16:55.031352 - DNS: westus-0.in.applicationinsights.azure.com
2026-01-24 19:16:55.034592 - DNS: westus-0.in.applicationinsights.azure.com
2026-01-24 19:16:55.057375 - DNS: westus-0.in.applicationinsights.azure.com
2026-01-24 19:16:55.088792 - DNS: westus-0.in.applicationinsights.azure.com
2026-01-24 19:17:00.123588 - DNS: telemetry.individual.githubcopilot.com
2026-01-24 19:17:00.131725 - DNS: telemetry.individual.githubcopilot.com
2026-01-24 19:21:31.465791 - DNS: login.live.com
2026-01-24 19:21:31.468771 - DNS: login.live.com
2026-01-24 19:21:31.532743 - DNS: login.live.com
2026-01-24 19:21:31.536745 - DNS: login.live.com
